<?xml version="1.0" encoding="UTF-8"?>
<!-- Generated by org.testng.reporters.JUnitXMLReporter -->
<testsuite hostname="LAPTOP-V8SO2UPM" name="Test3" tests="11" failures="0" timestamp="28 Dec 2019 16:27:24 GMT" time="6.868" errors="0">
  <testcase name="@BeforeTest setUp" time="0.0" classname="dec28.Testng_Demo1">
    <failure type="org.openqa.selenium.WebDriverException" message="unknown error: cannot determine loading status
from disconnected: received Inspector.detached event
  (Session info: chrome=79.0.3945.88)
Build info: version: &amp;apos;3.141.59&amp;apos;, revision: &amp;apos;e82be7d358&amp;apos;, time: &amp;apos;2018-11-14T08:25:53&amp;apos;
System info: host: &amp;apos;LAPTOP-V8SO2UPM&amp;apos;, ip: &amp;apos;192.168.0.105&amp;apos;, os.name: &amp;apos;Windows 10&amp;apos;, os.arch: &amp;apos;amd64&amp;apos;, os.version: &amp;apos;10.0&amp;apos;, java.version: &amp;apos;1.8.0_121&amp;apos;
Driver info: org.openqa.selenium.chrome.ChromeDriver
Capabilities {acceptInsecureCerts: false, browserName: chrome, browserVersion: 79.0.3945.88, chrome: {chromedriverVersion: 78.0.3904.105 (60e2d8774a81..., userDataDir: C:\Users\Ravali\AppData\Loc...}, goog:chromeOptions: {debuggerAddress: localhost:50812}, javascriptEnabled: true, networkConnectionEnabled: false, pageLoadStrategy: normal, platform: XP, platformName: XP, proxy: Proxy(), setWindowRect: true, strictFileInteractability: false, timeouts: {implicit: 0, pageLoad: 300000, script: 30000}, unhandledPromptBehavior: dismiss and notify}
Session ID: b61b722b7a18cfe7eae6e3082e72f1a3">
      <![CDATA[org.openqa.selenium.WebDriverException: unknown error: cannot determine loading status
from disconnected: received Inspector.detached event
  (Session info: chrome=79.0.3945.88)
Build info: version: '3.141.59', revision: 'e82be7d358', time: '2018-11-14T08:25:53'
System info: host: 'LAPTOP-V8SO2UPM', ip: '192.168.0.105', os.name: 'Windows 10', os.arch: 'amd64', os.version: '10.0', java.version: '1.8.0_121'
Driver info: org.openqa.selenium.chrome.ChromeDriver
Capabilities {acceptInsecureCerts: false, browserName: chrome, browserVersion: 79.0.3945.88, chrome: {chromedriverVersion: 78.0.3904.105 (60e2d8774a81..., userDataDir: C:\Users\Ravali\AppData\Loc...}, goog:chromeOptions: {debuggerAddress: localhost:50812}, javascriptEnabled: true, networkConnectionEnabled: false, pageLoadStrategy: normal, platform: XP, platformName: XP, proxy: Proxy(), setWindowRect: true, strictFileInteractability: false, timeouts: {implicit: 0, pageLoad: 300000, script: 30000}, unhandledPromptBehavior: dismiss and notify}
Session ID: b61b722b7a18cfe7eae6e3082e72f1a3
	at org.openqa.selenium.remote.http.W3CHttpResponseCodec.createException(W3CHttpResponseCodec.java:187)
	at org.openqa.selenium.remote.http.W3CHttpResponseCodec.decode(W3CHttpResponseCodec.java:122)
	at org.openqa.selenium.remote.http.W3CHttpResponseCodec.decode(W3CHttpResponseCodec.java:49)
	at org.openqa.selenium.remote.HttpCommandExecutor.execute(HttpCommandExecutor.java:158)
	at org.openqa.selenium.remote.service.DriverCommandExecutor.execute(DriverCommandExecutor.java:83)
	at org.openqa.selenium.remote.RemoteWebDriver.execute(RemoteWebDriver.java:552)
	at org.openqa.selenium.remote.RemoteWebDriver.get(RemoteWebDriver.java:277)
	at dec28.Testng_Demo1.setUp(Testng_Demo1.java:17)
... Removed 27 stack frames]]>
    </failure>
  </testcase> <!-- @BeforeTest setUp -->
  <testcase name="@BeforeTest setUp" time="0.0" classname="dec28.Testng_Demo1">
    <skipped/>
  </testcase> <!-- @BeforeTest setUp -->
  <testcase name="@BeforeMethod setUp" time="0.0" classname="dec28.Testng_Demo2">
    <skipped/>
  </testcase> <!-- @BeforeMethod setUp -->
  <testcase name="@AfterMethod teardown" time="0.0" classname="dec28.Testng_Demo2">
    <skipped/>
  </testcase> <!-- @AfterMethod teardown -->
  <testcase name="@BeforeMethod setUp" time="0.0" classname="dec28.Testng_Demo2">
    <skipped/>
  </testcase> <!-- @BeforeMethod setUp -->
  <testcase name="@AfterMethod teardown" time="0.0" classname="dec28.Testng_Demo2">
    <skipped/>
  </testcase> <!-- @AfterMethod teardown -->
  <testcase name="@BeforeMethod setUp" time="0.0" classname="dec28.Testng_Demo2">
    <skipped/>
  </testcase> <!-- @BeforeMethod setUp -->
  <testcase name="@AfterMethod teardown" time="0.0" classname="dec28.Testng_Demo2">
    <skipped/>
  </testcase> <!-- @AfterMethod teardown -->
  <testcase name="@BeforeMethod setUp" time="0.0" classname="dec28.Testng_Demo2">
    <skipped/>
  </testcase> <!-- @BeforeMethod setUp -->
  <testcase name="@AfterMethod teardown" time="0.0" classname="dec28.Testng_Demo2">
    <skipped/>
  </testcase> <!-- @AfterMethod teardown -->
  <testcase name="@AfterTest teardown" time="0.0" classname="dec28.Testng_Demo1">
    <skipped/>
  </testcase> <!-- @AfterTest teardown -->
  <testcase name="@AfterTest teearDown" time="0.0" classname="dec28.Testng_Demo1">
    <skipped/>
  </testcase> <!-- @AfterTest teearDown -->
  <testcase name="registerlink" time="0.001" classname="dec28.Using_Dependencies">
    <skipped/>
  </testcase> <!-- registerlink -->
  <testcase name="Register" time="0.003" classname="dec28.Testng_Demo2">
    <skipped/>
  </testcase> <!-- Register -->
  <testcase name="Register" time="0.399" classname="dec28.Testng_Demo1">
    <skipped/>
  </testcase> <!-- Register -->
  <testcase name="hotellink" time="0.0" classname="dec28.Using_Dependencies">
    <skipped/>
  </testcase> <!-- hotellink -->
  <testcase name="Register" time="0.006" classname="dec28.Testng_Demo1">
    <skipped/>
  </testcase> <!-- Register -->
  <testcase name="Register" time="0.006" classname="dec28.Testng_Demo2">
    <skipped/>
  </testcase> <!-- Register -->
  <testcase name="signonlink" time="0.0" classname="dec28.Using_Dependencies">
    <skipped/>
  </testcase> <!-- signonlink -->
  <testcase name="hotels" time="0.002" classname="dec28.Testng_Demo1">
    <skipped/>
  </testcase> <!-- hotels -->
  <testcase name="hotels" time="0.003" classname="dec28.Testng_Demo2">
    <skipped/>
  </testcase> <!-- hotels -->
  <testcase name="signon" time="0.002" classname="dec28.Testng_Demo1">
    <skipped/>
  </testcase> <!-- signon -->
  <testcase name="signon" time="0.002" classname="dec28.Testng_Demo2">
    <skipped/>
  </testcase> <!-- signon -->
</testsuite> <!-- Test3 -->
